<?xml version="1.0" encoding="UTF-8"?>
<testng-results skipped="0" failed="1" total="2" passed="1">
  <reporter-output>
    <line>
      <![CDATA[Step 1 : ]]>
    </line>
    <line>
      <![CDATA[ Passed method ]]>
    </line>
    <line>
      <![CDATA[Step 2 : ]]>
    </line>
    <line>
      <![CDATA[ Failed method ]]>
    </line>
    <line>
      <![CDATA[<br> <b>Please look to the screenshot - </b>]]>
    </line>
    <line>
      <![CDATA[<br><Strong><font color=#FF0000>--Failed</font></strong>]]>
    </line>
    <line>
      <![CDATA[<a href='../test-output/screenshots/1030114912211failedMethod.png'>1030114912211failedMethod.png</a>]]>
    </line>
  </reporter-output>
  <suite name="Gmail" duration-ms="46486" started-at="2015-10-30T06:18:27Z" finished-at="2015-10-30T06:19:13Z">
    <groups>
    </groups>
    <test name="Sending mail" duration-ms="31763" started-at="2015-10-30T06:18:27Z" finished-at="2015-10-30T06:18:58Z">
      <class name="com.gmail.verifications.Index">
        <test-method status="PASS" signature="fetchSuiteConfiguration(org.testng.ITestContext)[pri:0, instance:com.gmail.verifications.Index@2133c8f8]" name="fetchSuiteConfiguration" is-config="true" duration-ms="32" started-at="2015-10-30T11:48:27Z" finished-at="2015-10-30T11:48:27Z">
          <params>
            <param index="0">
              <value>
                <![CDATA[org.testng.TestRunner@6404f418]]>
              </value>
            </param>
          </params>
          <reporter-output>
          </reporter-output>
        </test-method> <!-- fetchSuiteConfiguration -->
        <test-method status="PASS" signature="setUp(java.lang.reflect.Method)[pri:0, instance:com.gmail.verifications.Index@2133c8f8]" name="setUp" is-config="true" duration-ms="27200" started-at="2015-10-30T11:48:27Z" finished-at="2015-10-30T11:48:54Z">
          <params>
            <param index="0">
              <value>
                <![CDATA[public void com.gmail.verifications.Index.passedMethod()]]>
              </value>
            </param>
          </params>
          <reporter-output>
          </reporter-output>
        </test-method> <!-- setUp -->
        <test-method status="PASS" signature="passedMethod()[pri:0, instance:com.gmail.verifications.Index@2133c8f8]" name="passedMethod" duration-ms="11" started-at="2015-10-30T11:48:54Z" finished-at="2015-10-30T11:48:54Z">
          <reporter-output>
            <line>
              <![CDATA[Step 1 : ]]>
            </line>
            <line>
              <![CDATA[ Passed method ]]>
            </line>
          </reporter-output>
        </test-method> <!-- passedMethod -->
        <test-method status="PASS" signature="tearDown(org.testng.ITestResult)[pri:0, instance:com.gmail.verifications.Index@2133c8f8]" name="tearDown" is-config="true" duration-ms="4471" started-at="2015-10-30T11:48:54Z" finished-at="2015-10-30T11:48:58Z">
          <params>
            <param index="0">
              <value>
                <![CDATA[[TestResult name=passedMethod status=SUCCESS method=Index.passedMethod()[pri:0, instance:com.gmail.verifications.Index@2133c8f8] output=Step 1 : ]]]>
              </value>
            </param>
          </params>
          <reporter-output>
          </reporter-output>
        </test-method> <!-- tearDown -->
      </class> <!-- com.gmail.verifications.Index -->
    </test> <!-- Sending mail -->
    <test name="Sending mail2" duration-ms="14674" started-at="2015-10-30T06:18:58Z" finished-at="2015-10-30T06:19:13Z">
      <class name="com.gmail.verifications.Index">
        <test-method status="PASS" signature="setUp(java.lang.reflect.Method)[pri:0, instance:com.gmail.verifications.Index@7f690630]" name="setUp" is-config="true" duration-ms="13200" started-at="2015-10-30T11:48:58Z" finished-at="2015-10-30T11:49:12Z">
          <params>
            <param index="0">
              <value>
                <![CDATA[public void com.gmail.verifications.Index.failedMethod()]]>
              </value>
            </param>
          </params>
          <reporter-output>
          </reporter-output>
        </test-method> <!-- setUp -->
        <test-method status="PASS" signature="fetchSuiteConfiguration(org.testng.ITestContext)[pri:0, instance:com.gmail.verifications.Index@7f690630]" name="fetchSuiteConfiguration" is-config="true" duration-ms="0" started-at="2015-10-30T11:48:58Z" finished-at="2015-10-30T11:48:58Z">
          <params>
            <param index="0">
              <value>
                <![CDATA[org.testng.TestRunner@729d991e]]>
              </value>
            </param>
          </params>
          <reporter-output>
          </reporter-output>
        </test-method> <!-- fetchSuiteConfiguration -->
        <test-method status="FAIL" signature="failedMethod()[pri:0, instance:com.gmail.verifications.Index@7f690630]" name="failedMethod" duration-ms="6" started-at="2015-10-30T11:49:12Z" finished-at="2015-10-30T11:49:12Z">
          <exception class="java.lang.AssertionError">
            <message>
              <![CDATA[expected [true] but found [false]]]>
            </message>
            <full-stacktrace>
              <![CDATA[java.lang.AssertionError: expected [true] but found [false]
	at org.testng.Assert.fail(Assert.java:94)
	at org.testng.Assert.failNotEquals(Assert.java:494)
	at org.testng.Assert.assertTrue(Assert.java:42)
	at org.testng.Assert.assertTrue(Assert.java:52)
	at com.gmail.verifications.Index.failedMethod(Index.java:25)
	at sun.reflect.NativeMethodAccessorImpl.invoke0(Native Method)
	at sun.reflect.NativeMethodAccessorImpl.invoke(Unknown Source)
	at sun.reflect.DelegatingMethodAccessorImpl.invoke(Unknown Source)
	at java.lang.reflect.Method.invoke(Unknown Source)
	at org.testng.internal.MethodInvocationHelper.invokeMethod(MethodInvocationHelper.java:84)
	at org.testng.internal.Invoker.invokeMethod(Invoker.java:714)
	at org.testng.internal.Invoker.invokeTestMethod(Invoker.java:901)
	at org.testng.internal.Invoker.invokeTestMethods(Invoker.java:1231)
	at org.testng.internal.TestMethodWorker.invokeTestMethods(TestMethodWorker.java:127)
	at org.testng.internal.TestMethodWorker.run(TestMethodWorker.java:111)
	at org.testng.TestRunner.privateRun(TestRunner.java:767)
	at org.testng.TestRunner.run(TestRunner.java:617)
	at org.testng.SuiteRunner.runTest(SuiteRunner.java:334)
	at org.testng.SuiteRunner.runSequentially(SuiteRunner.java:329)
	at org.testng.SuiteRunner.privateRun(SuiteRunner.java:291)
	at org.testng.SuiteRunner.run(SuiteRunner.java:240)
	at org.testng.SuiteRunnerWorker.runSuite(SuiteRunnerWorker.java:52)
	at org.testng.SuiteRunnerWorker.run(SuiteRunnerWorker.java:86)
	at org.testng.TestNG.runSuitesSequentially(TestNG.java:1224)
	at org.testng.TestNG.runSuitesLocally(TestNG.java:1149)
	at org.testng.TestNG.run(TestNG.java:1057)
	at org.testng.remote.RemoteTestNG.run(RemoteTestNG.java:115)
	at org.testng.remote.RemoteTestNG.initAndRun(RemoteTestNG.java:207)
	at org.testng.remote.RemoteTestNG.main(RemoteTestNG.java:178)
]]>
            </full-stacktrace>
          </exception> <!-- java.lang.AssertionError -->
          <reporter-output>
            <line>
              <![CDATA[Step 2 : ]]>
            </line>
            <line>
              <![CDATA[ Failed method ]]>
            </line>
            <line>
              <![CDATA[<br> <b>Please look to the screenshot - </b>]]>
            </line>
            <line>
              <![CDATA[<br><Strong><font color=#FF0000>--Failed</font></strong>]]>
            </line>
            <line>
              <![CDATA[<a href='../test-output/screenshots/1030114912211failedMethod.png'>1030114912211failedMethod.png</a>]]>
            </line>
          </reporter-output>
        </test-method> <!-- failedMethod -->
        <test-method status="PASS" signature="tearDown(org.testng.ITestResult)[pri:0, instance:com.gmail.verifications.Index@7f690630]" name="tearDown" is-config="true" duration-ms="1461" started-at="2015-10-30T11:49:12Z" finished-at="2015-10-30T11:49:13Z">
          <params>
            <param index="0">
              <value>
                <![CDATA[[TestResult name=failedMethod status=FAILURE method=Index.failedMethod()[pri:0, instance:com.gmail.verifications.Index@7f690630] output=Step 2 : ]]]>
              </value>
            </param>
          </params>
          <reporter-output>
          </reporter-output>
        </test-method> <!-- tearDown -->
      </class> <!-- com.gmail.verifications.Index -->
    </test> <!-- Sending mail2 -->
  </suite> <!-- Gmail -->
</testng-results>
