<?xml version="1.0" encoding="UTF-8"?>
<testng-results skipped="0" failed="1" total="2" passed="1">
  <reporter-output>
    <line>
      <![CDATA[<br> <b>Please look to the screenshot - </b>]]>
    </line>
    <line>
      <![CDATA[<br><Strong><font color=#FF0000>--Failed</font></strong>]]>
    </line>
    <line>
      <![CDATA[<a href='../test-output/screenshots/1104153221932failedMethod.png'>1104153221932failedMethod.png</a>]]>
    </line>
  </reporter-output>
  <suite name="Gmail" duration-ms="26962" started-at="2015-11-04T10:02:11Z" finished-at="2015-11-04T10:02:38Z">
    <groups>
      <group name="functest">
        <method signature="Index.failedMethod()[pri:0, instance:com.gmail.verifications.Index@96532d6]" name="failedMethod" class="com.gmail.verifications.Index"/>
        <method signature="Index.passedMethod()[pri:0, instance:com.gmail.verifications.Index@96532d6]" name="passedMethod" class="com.gmail.verifications.Index"/>
      </group> <!-- functest -->
    </groups>
    <test name="Sending mail" duration-ms="26962" started-at="2015-11-04T10:02:11Z" finished-at="2015-11-04T10:02:38Z">
      <class name="com.gmail.verifications.Index">
        <test-method status="PASS" signature="fetchSuiteConfiguration(org.testng.ITestContext)[pri:0, instance:com.gmail.verifications.Index@96532d6]" name="fetchSuiteConfiguration" is-config="true" duration-ms="32" started-at="2015-11-04T15:32:11Z" finished-at="2015-11-04T15:32:11Z">
          <params>
            <param index="0">
              <value>
                <![CDATA[org.testng.TestRunner@4439f31e]]>
              </value>
            </param>
          </params>
          <reporter-output>
          </reporter-output>
        </test-method> <!-- fetchSuiteConfiguration -->
        <test-method status="PASS" signature="setUp(java.lang.reflect.Method)[pri:0, instance:com.gmail.verifications.Index@96532d6]" name="setUp" is-config="true" duration-ms="10725" started-at="2015-11-04T15:32:11Z" finished-at="2015-11-04T15:32:21Z">
          <params>
            <param index="0">
              <value>
                <![CDATA[public void com.gmail.verifications.Index.failedMethod()]]>
              </value>
            </param>
          </params>
          <reporter-output>
          </reporter-output>
        </test-method> <!-- setUp -->
        <test-method status="FAIL" signature="failedMethod()[pri:0, instance:com.gmail.verifications.Index@96532d6]" name="failedMethod" duration-ms="15" started-at="2015-11-04T15:32:21Z" finished-at="2015-11-04T15:32:21Z">
          <exception class="java.lang.AssertionError">
            <message>
              <![CDATA[expected [true] but found [false]]]>
            </message>
            <full-stacktrace>
              <![CDATA[java.lang.AssertionError: expected [true] but found [false]
	at org.testng.Assert.fail(Assert.java:94)
	at org.testng.Assert.failNotEquals(Assert.java:494)
	at org.testng.Assert.assertTrue(Assert.java:42)
	at org.testng.Assert.assertTrue(Assert.java:52)
	at com.gmail.verifications.Index.failedMethod(Index.java:52)
	at sun.reflect.NativeMethodAccessorImpl.invoke0(Native Method)
	at sun.reflect.NativeMethodAccessorImpl.invoke(Unknown Source)
	at sun.reflect.DelegatingMethodAccessorImpl.invoke(Unknown Source)
	at java.lang.reflect.Method.invoke(Unknown Source)
	at org.testng.internal.MethodInvocationHelper.invokeMethod(MethodInvocationHelper.java:84)
	at org.testng.internal.Invoker.invokeMethod(Invoker.java:714)
	at org.testng.internal.Invoker.invokeTestMethod(Invoker.java:901)
	at org.testng.internal.Invoker.invokeTestMethods(Invoker.java:1231)
	at org.testng.internal.TestMethodWorker.invokeTestMethods(TestMethodWorker.java:127)
	at org.testng.internal.TestMethodWorker.run(TestMethodWorker.java:111)
	at org.testng.TestRunner.privateRun(TestRunner.java:767)
	at org.testng.TestRunner.run(TestRunner.java:617)
	at org.testng.SuiteRunner.runTest(SuiteRunner.java:334)
	at org.testng.SuiteRunner.access$000(SuiteRunner.java:37)
	at org.testng.SuiteRunner$SuiteWorker.run(SuiteRunner.java:368)
	at org.testng.internal.thread.ThreadUtil$2.call(ThreadUtil.java:64)
	at java.util.concurrent.FutureTask.run(Unknown Source)
	at java.util.concurrent.ThreadPoolExecutor.runWorker(Unknown Source)
	at java.util.concurrent.ThreadPoolExecutor$Worker.run(Unknown Source)
	at java.lang.Thread.run(Unknown Source)
]]>
            </full-stacktrace>
          </exception> <!-- java.lang.AssertionError -->
          <reporter-output>
            <line>
              <![CDATA[<br> <b>Please look to the screenshot - </b>]]>
            </line>
            <line>
              <![CDATA[<br><Strong><font color=#FF0000>--Failed</font></strong>]]>
            </line>
            <line>
              <![CDATA[<a href='../test-output/screenshots/1104153221932failedMethod.png'>1104153221932failedMethod.png</a>]]>
            </line>
          </reporter-output>
        </test-method> <!-- failedMethod -->
        <test-method status="PASS" signature="tearDown(org.testng.ITestResult)[pri:0, instance:com.gmail.verifications.Index@96532d6]" name="tearDown" is-config="true" duration-ms="698" started-at="2015-11-04T15:32:21Z" finished-at="2015-11-04T15:32:22Z">
          <params>
            <param index="0">
              <value>
                <![CDATA[[TestResult name=failedMethod status=FAILURE method=Index.failedMethod()[pri:0, instance:com.gmail.verifications.Index@96532d6] output=<br> <b>Please look to the screenshot - </b>]]]>
              </value>
            </param>
          </params>
          <reporter-output>
          </reporter-output>
        </test-method> <!-- tearDown -->
        <test-method status="PASS" signature="setUp(java.lang.reflect.Method)[pri:0, instance:com.gmail.verifications.Index@96532d6]" name="setUp" is-config="true" duration-ms="10011" started-at="2015-11-04T15:32:22Z" finished-at="2015-11-04T15:32:32Z">
          <params>
            <param index="0">
              <value>
                <![CDATA[public void com.gmail.verifications.Index.passedMethod()]]>
              </value>
            </param>
          </params>
          <reporter-output>
          </reporter-output>
        </test-method> <!-- setUp -->
        <test-method status="PASS" signature="passedMethod()[pri:0, instance:com.gmail.verifications.Index@96532d6]" name="passedMethod" duration-ms="5001" started-at="2015-11-04T15:32:32Z" finished-at="2015-11-04T15:32:37Z">
          <reporter-output>
          </reporter-output>
        </test-method> <!-- passedMethod -->
        <test-method status="PASS" signature="tearDown(org.testng.ITestResult)[pri:0, instance:com.gmail.verifications.Index@96532d6]" name="tearDown" is-config="true" duration-ms="455" started-at="2015-11-04T15:32:37Z" finished-at="2015-11-04T15:32:38Z">
          <params>
            <param index="0">
              <value>
                <![CDATA[[TestResult name=passedMethod status=SUCCESS method=Index.passedMethod()[pri:0, instance:com.gmail.verifications.Index@96532d6] output={null}]]]>
              </value>
            </param>
          </params>
          <reporter-output>
          </reporter-output>
        </test-method> <!-- tearDown -->
      </class> <!-- com.gmail.verifications.Index -->
    </test> <!-- Sending mail -->
  </suite> <!-- Gmail -->
</testng-results>
